<?xml version="1.0" encoding="UTF-8"?>
<TestRun id="8f0eab27-ceeb-429a-a5a6-6d85fcc5434d" name="Administrator@MARIOEC8A 2009-10-12 16:47:15" runUser="MARIOEC8A\Administrator" xmlns="http://microsoft.com/schemas/VisualStudio/TeamTest/2006">
  <TestRunConfiguration name="Default Run Configuration" id="6ae35767-745d-466d-bc3e-1495cb71da2e">
    <Deployment runDeploymentRoot="C:\Documents and Settings\Administrator\My Documents\Visual Studio 2008\Projects\TagThis\TestResults\Administrator_MARIOEC8A 2009-10-12 16_47_15">
      <DeploymentItem filename="C:\Documents and Settings\Administrator\My Documents\Visual Studio 2008\Projects\TagThis\TagThis\bin\TagThis.dll" />
    </Deployment>
    <Hosts skipUnhostableTests="false" />
    <TestTypeSpecific />
  </TestRunConfiguration>
  <ResultSummary outcome="Failed">
    <Counters total="2" executed="2" passed="1" error="0" failed="1" timeout="0" aborted="0" inconclusive="0" passedButRunAborted="0" notRunnable="0" notExecuted="0" disconnected="0" warning="0" completed="0" inProgress="0" pending="0" />
  </ResultSummary>
  <Times creation="2009-10-12T16:47:15.0156250+03:00" queuing="2009-10-12T16:47:15.4531250+03:00" start="2009-10-12T16:47:15.5312500+03:00" finish="2009-10-12T16:47:16.0781250+03:00" />
  <TestDefinitions>
    <UnitTest name="Index" storage="c:\documents and settings\administrator\my documents\visual studio 2008\projects\tagthis\tagthis.tests\bin\debug\tagthis.tests.dll" id="a1ea91ac-cdfc-19f7-2c0d-66f9fb7c408f">
      <Css projectStructure="" iteration="" />
      <Owners>
        <Owner name="" />
      </Owners>
      <Execution id="862f3287-4561-44d8-a77d-25e49569aa12" />
      <TestMethod codeBase="C:\Documents and Settings\Administrator\My Documents\Visual Studio 2008\Projects\TagThis\TagThis.Tests\bin\Debug\TagThis.Tests.dll" adapterTypeName="Microsoft.VisualStudio.TestTools.TestTypes.Unit.UnitTestAdapter, Microsoft.VisualStudio.QualityTools.Tips.UnitTest.Adapter, Version=9.0.0.0, Culture=neutral, PublicKeyToken=b03f5f7f11d50a3a" className="TagThis.Tests.Controllers.HomeControllerTest, TagThis.Tests" name="Index" />
    </UnitTest>
    <UnitTest name="About" storage="c:\documents and settings\administrator\my documents\visual studio 2008\projects\tagthis\tagthis.tests\bin\debug\tagthis.tests.dll" id="d02bc9fe-ae15-e20a-5d83-944adaa1075e">
      <Css projectStructure="" iteration="" />
      <Owners>
        <Owner name="" />
      </Owners>
      <Execution id="189e798b-e36b-4f3f-9e0d-6c3630a60b63" />
      <TestMethod codeBase="C:\Documents and Settings\Administrator\My Documents\Visual Studio 2008\Projects\TagThis\TagThis.Tests\bin\Debug\TagThis.Tests.dll" adapterTypeName="Microsoft.VisualStudio.TestTools.TestTypes.Unit.UnitTestAdapter, Microsoft.VisualStudio.QualityTools.Tips.UnitTest.Adapter, Version=9.0.0.0, Culture=neutral, PublicKeyToken=b03f5f7f11d50a3a" className="TagThis.Tests.Controllers.HomeControllerTest, TagThis.Tests" name="About" />
    </UnitTest>
  </TestDefinitions>
  <TestLists>
    <TestList name="Results Not in a List" id="8c84fa94-04c1-424b-9868-57a2d4851a1d" />
    <TestList name="All Loaded Results" id="19431567-8539-422a-85d7-44ee4e166bda" />
  </TestLists>
  <TestEntries>
    <TestEntry testId="a1ea91ac-cdfc-19f7-2c0d-66f9fb7c408f" executionId="862f3287-4561-44d8-a77d-25e49569aa12" testListId="8c84fa94-04c1-424b-9868-57a2d4851a1d" />
    <TestEntry testId="d02bc9fe-ae15-e20a-5d83-944adaa1075e" executionId="189e798b-e36b-4f3f-9e0d-6c3630a60b63" testListId="8c84fa94-04c1-424b-9868-57a2d4851a1d" />
  </TestEntries>
  <Results>
    <UnitTestResult executionId="862f3287-4561-44d8-a77d-25e49569aa12" testId="a1ea91ac-cdfc-19f7-2c0d-66f9fb7c408f" testName="Index" computerName="MARIOEC8A" duration="00:00:00.1029689" startTime="2009-10-12T16:47:15.6875000+03:00" endTime="2009-10-12T16:47:15.8906250+03:00" testType="13cdc9d9-ddb5-4fa4-a97d-d965ccfc6d4b" outcome="Failed" testListId="8c84fa94-04c1-424b-9868-57a2d4851a1d">
      <Output>
        <ErrorInfo>
          <Message>Test method TagThis.Tests.Controllers.HomeControllerTest.Index threw exception:  System.NullReferenceException: Object reference not set to an instance of an object..</Message>
          <StackTrace>    at TagThis.Controllers.HomeController.Index() in C:\Documents and Settings\Administrator\My Documents\Visual Studio 2008\Projects\TagThis\TagThis\Controllers\HomeController.cs:line 33
   at TagThis.Tests.Controllers.HomeControllerTest.Index() in C:\Documents and Settings\Administrator\My Documents\Visual Studio 2008\Projects\TagThis\TagThis.Tests\Controllers\HomeControllerTest.cs:line 22
</StackTrace>
        </ErrorInfo>
      </Output>
    </UnitTestResult>
    <UnitTestResult executionId="189e798b-e36b-4f3f-9e0d-6c3630a60b63" testId="d02bc9fe-ae15-e20a-5d83-944adaa1075e" testName="About" computerName="MARIOEC8A" duration="00:00:00.0110229" startTime="2009-10-12T16:47:15.9062500+03:00" endTime="2009-10-12T16:47:15.9218750+03:00" testType="13cdc9d9-ddb5-4fa4-a97d-d965ccfc6d4b" outcome="Passed" testListId="8c84fa94-04c1-424b-9868-57a2d4851a1d">
      <Output>
      </Output>
    </UnitTestResult>
  </Results>
</TestRun>