<?xml version="1.0" encoding="UTF-8"?>
<TestRun id="73731513-3c19-4447-97bc-3b9e31379498" name="Administrator@MARIOEC8A 2009-10-12 16:46:22" runUser="MARIOEC8A\Administrator" xmlns="http://microsoft.com/schemas/VisualStudio/TeamTest/2006">
  <TestRunConfiguration name="Default Run Configuration" id="85accd26-4c2c-485b-9955-2f06d892b8bd">
    <Deployment userDeploymentRoot="C:\Documents and Settings\Administrator\My Documents\Visual Studio 2008\Projects\TagThis\TestResults" useDefaultDeploymentRoot="false" runDeploymentRoot="C:\Documents and Settings\Administrator\My Documents\Visual Studio 2008\Projects\TagThis\TestResults\Administrator_MARIOEC8A 2009-10-12 16_46_22">
      <DeploymentItem filename="C:\Documents and Settings\Administrator\My Documents\Visual Studio 2008\Projects\TagThis\TagThis\bin\TagThis.dll" />
    </Deployment>
    <Hosts skipUnhostableTests="false" />
    <TestTypeSpecific />
  </TestRunConfiguration>
  <ResultSummary outcome="Failed">
    <Counters total="1" executed="1" error="0" failed="1" timeout="0" aborted="0" inconclusive="0" passedButRunAborted="0" notRunnable="0" notExecuted="0" disconnected="0" warning="0" passed="0" completed="0" inProgress="0" pending="0" />
  </ResultSummary>
  <Times creation="2009-10-12T16:46:22.8281250+03:00" queuing="2009-10-12T16:46:23.8281250+03:00" start="2009-10-12T16:46:24.1875000+03:00" finish="2009-10-12T16:46:24.9062500+03:00" />
  <TestDefinitions>
    <UnitTest name="Index" storage="c:\documents and settings\administrator\my documents\visual studio 2008\projects\tagthis\tagthis.tests\bin\debug\tagthis.tests.dll" id="a1ea91ac-cdfc-19f7-2c0d-66f9fb7c408f">
      <Css projectStructure="" iteration="" />
      <Owners>
        <Owner name="" />
      </Owners>
      <Execution id="84cd3835-6fd4-4abb-a44b-d5480c794727" />
      <TestMethod codeBase="C:\Documents and Settings\Administrator\My Documents\Visual Studio 2008\Projects\TagThis\TagThis.Tests\bin\Debug\TagThis.Tests.dll" adapterTypeName="Microsoft.VisualStudio.TestTools.TestTypes.Unit.UnitTestAdapter, Microsoft.VisualStudio.QualityTools.Tips.UnitTest.Adapter, Version=9.0.0.0, Culture=neutral, PublicKeyToken=b03f5f7f11d50a3a" className="TagThis.Tests.Controllers.HomeControllerTest, TagThis.Tests" name="Index" />
    </UnitTest>
  </TestDefinitions>
  <TestLists>
    <TestList name="Results Not in a List" id="8c84fa94-04c1-424b-9868-57a2d4851a1d" />
    <TestList name="All Loaded Results" id="19431567-8539-422a-85d7-44ee4e166bda" />
  </TestLists>
  <TestEntries>
    <TestEntry testId="a1ea91ac-cdfc-19f7-2c0d-66f9fb7c408f" executionId="84cd3835-6fd4-4abb-a44b-d5480c794727" testListId="8c84fa94-04c1-424b-9868-57a2d4851a1d" />
  </TestEntries>
  <Results>
    <UnitTestResult executionId="84cd3835-6fd4-4abb-a44b-d5480c794727" testId="a1ea91ac-cdfc-19f7-2c0d-66f9fb7c408f" testName="Index" computerName="MARIOEC8A" duration="00:00:00.1173688" startTime="2009-10-12T16:46:24.2968750+03:00" endTime="2009-10-12T16:46:24.7187500+03:00" testType="13cdc9d9-ddb5-4fa4-a97d-d965ccfc6d4b" outcome="Failed" testListId="8c84fa94-04c1-424b-9868-57a2d4851a1d">
      <Output>
        <ErrorInfo>
          <Message>Test method TagThis.Tests.Controllers.HomeControllerTest.Index threw exception:  System.NullReferenceException: Object reference not set to an instance of an object..</Message>
          <StackTrace>    at TagThis.Controllers.HomeController.Index() in C:\Documents and Settings\Administrator\My Documents\Visual Studio 2008\Projects\TagThis\TagThis\Controllers\HomeController.cs:line 33
   at TagThis.Tests.Controllers.HomeControllerTest.Index() in C:\Documents and Settings\Administrator\My Documents\Visual Studio 2008\Projects\TagThis\TagThis.Tests\Controllers\HomeControllerTest.cs:line 22
</StackTrace>
        </ErrorInfo>
      </Output>
    </UnitTestResult>
  </Results>
</TestRun>